<?xml version="1.0" encoding="UTF-8"?>
<testsuite xmlns:xsi="http://www.w3.org/2001/XMLSchema-instance" xsi:noNamespaceSchemaLocation="https://maven.apache.org/surefire/maven-surefire-plugin/xsd/surefire-test-report-3.0.xsd" version="3.0" name="com.thirdpart.YsMe7xF0.codec.CodecServiceImplTest" time="0.359" tests="2" errors="0" skipped="0" failures="0">
  <properties>
    <property name="sun.desktop" value="windows"/>
    <property name="awt.toolkit" value="sun.awt.windows.WToolkit"/>
    <property name="file.encoding.pkg" value="sun.io"/>
    <property name="java.specification.version" value="1.8"/>
    <property name="sun.cpu.isalist" value="amd64"/>
    <property name="sun.jnu.encoding" value="GBK"/>
    <property name="java.class.path" value="C:\Users\Administrator.WINDOWS-20F8E06\Desktop\插件\YsMe7xF0\target\test-classes;C:\Users\Administrator.WINDOWS-20F8E06\Desktop\插件\YsMe7xF0\target\classes;C:\Users\Administrator.WINDOWS-20F8E06\.m2\repository\junit\junit\4.12\junit-4.12.jar;C:\Users\Administrator.WINDOWS-20F8E06\.m2\repository\org\hamcrest\hamcrest-core\1.3\hamcrest-core-1.3.jar;C:\Users\Administrator.WINDOWS-20F8E06\.m2\repository\org\osgi\org.osgi.core\6.0.0\org.osgi.core-6.0.0.jar;C:\Users\Administrator.WINDOWS-20F8E06\.m2\repository\com\google\code\gson\gson\2.8.5\gson-2.8.5.jar;C:\Users\Administrator.WINDOWS-20F8E06\.m2\repository\org\apache\commons\commons-lang3\3.8.1\commons-lang3-3.8.1.jar;C:\Users\Administrator.WINDOWS-20F8E06\Desktop\插件\YsMe7xF0\lib\com.h3c.iot.codec-1.0.jar;"/>
    <property name="java.vm.vendor" value="Oracle Corporation"/>
    <property name="sun.arch.data.model" value="64"/>
    <property name="user.variant" value=""/>
    <property name="java.vendor.url" value="http://java.oracle.com/"/>
    <property name="user.timezone" value="Asia/Shanghai"/>
    <property name="java.vm.specification.version" value="1.8"/>
    <property name="os.name" value="Windows 10"/>
    <property name="user.country" value="CN"/>
    <property name="sun.java.launcher" value="SUN_STANDARD"/>
    <property name="sun.boot.library.path" value="D:\jdk1.8.0_212\jre\bin"/>
    <property name="sun.java.command" value="C:\Users\Administrator.WINDOWS-20F8E06\AppData\Local\Temp\surefire3642748547185296900\surefirebooter7546747961119461306.jar C:\Users\Administrator.WINDOWS-20F8E06\AppData\Local\Temp\surefire3642748547185296900 2019-12-25T09-04-15_338-jvmRun1 surefire3348213858565592823tmp surefire_02416517960869036600tmp"/>
    <property name="surefire.test.class.path" value="C:\Users\Administrator.WINDOWS-20F8E06\Desktop\插件\YsMe7xF0\target\test-classes;C:\Users\Administrator.WINDOWS-20F8E06\Desktop\插件\YsMe7xF0\target\classes;C:\Users\Administrator.WINDOWS-20F8E06\.m2\repository\junit\junit\4.12\junit-4.12.jar;C:\Users\Administrator.WINDOWS-20F8E06\.m2\repository\org\hamcrest\hamcrest-core\1.3\hamcrest-core-1.3.jar;C:\Users\Administrator.WINDOWS-20F8E06\.m2\repository\org\osgi\org.osgi.core\6.0.0\org.osgi.core-6.0.0.jar;C:\Users\Administrator.WINDOWS-20F8E06\.m2\repository\com\google\code\gson\gson\2.8.5\gson-2.8.5.jar;C:\Users\Administrator.WINDOWS-20F8E06\.m2\repository\org\apache\commons\commons-lang3\3.8.1\commons-lang3-3.8.1.jar;C:\Users\Administrator.WINDOWS-20F8E06\Desktop\插件\YsMe7xF0\lib\com.h3c.iot.codec-1.0.jar;"/>
    <property name="sun.cpu.endian" value="little"/>
    <property name="user.home" value="C:\Users\Administrator.WINDOWS-20F8E06"/>
    <property name="user.language" value="zh"/>
    <property name="java.specification.vendor" value="Oracle Corporation"/>
    <property name="java.home" value="D:\jdk1.8.0_212\jre"/>
    <property name="basedir" value="C:\Users\Administrator.WINDOWS-20F8E06\Desktop\插件\YsMe7xF0"/>
    <property name="file.separator" value="\"/>
    <property name="line.separator" value="&#10;"/>
    <property name="idea.version2019.2.4" value="true"/>
    <property name="java.vm.specification.vendor" value="Oracle Corporation"/>
    <property name="java.specification.name" value="Java Platform API Specification"/>
    <property name="java.awt.graphicsenv" value="sun.awt.Win32GraphicsEnvironment"/>
    <property name="surefire.real.class.path" value="C:\Users\Administrator.WINDOWS-20F8E06\AppData\Local\Temp\surefire3642748547185296900\surefirebooter7546747961119461306.jar"/>
    <property name="sun.boot.class.path" value="D:\jdk1.8.0_212\jre\lib\resources.jar;D:\jdk1.8.0_212\jre\lib\rt.jar;D:\jdk1.8.0_212\jre\lib\sunrsasign.jar;D:\jdk1.8.0_212\jre\lib\jsse.jar;D:\jdk1.8.0_212\jre\lib\jce.jar;D:\jdk1.8.0_212\jre\lib\charsets.jar;D:\jdk1.8.0_212\jre\lib\jfr.jar;D:\jdk1.8.0_212\jre\classes"/>
    <property name="user.script" value=""/>
    <property name="sun.management.compiler" value="HotSpot 64-Bit Tiered Compilers"/>
    <property name="java.runtime.version" value="1.8.0_212-b10"/>
    <property name="user.name" value="Administrator"/>
    <property name="path.separator" value=";"/>
    <property name="os.version" value="10.0"/>
    <property name="java.endorsed.dirs" value="D:\jdk1.8.0_212\jre\lib\endorsed"/>
    <property name="java.runtime.name" value="Java(TM) SE Runtime Environment"/>
    <property name="file.encoding" value="GBK"/>
    <property name="java.vm.name" value="Java HotSpot(TM) 64-Bit Server VM"/>
    <property name="localRepository" value="C:\Users\Administrator.WINDOWS-20F8E06\.m2\repository"/>
    <property name="java.vendor.url.bug" value="http://bugreport.sun.com/bugreport/"/>
    <property name="java.io.tmpdir" value="C:\Users\ADMINI~1.WIN\AppData\Local\Temp\"/>
    <property name="java.version" value="1.8.0_212"/>
    <property name="user.dir" value="C:\Users\Administrator.WINDOWS-20F8E06\Desktop\插件\YsMe7xF0"/>
    <property name="os.arch" value="amd64"/>
    <property name="java.vm.specification.name" value="Java Virtual Machine Specification"/>
    <property name="java.awt.printerjob" value="sun.awt.windows.WPrinterJob"/>
    <property name="sun.os.patch.level" value=""/>
    <property name="java.library.path" value="D:\jdk1.8.0_212\jre\bin;C:\Windows\Sun\Java\bin;C:\Windows\system32;C:\Windows;C:\Program Files (x86)\Common Files\Oracle\Java\javapath;D:\XShell\;C:\Windows\system32;C:\Windows;C:\Windows\System32\Wbem;C:\Windows\System32\WindowsPowerShell\v1.0\;D:\apache-maven-3.6.2\bin;D:\jdk1.8.0_212\bin;C:\Program Files\Git\cmd;D:\项目资料\Sinosecu PassportReader64bitV6.7.5.7\lib;C:\Program Files\nodejs\;C:\Program Files\dotnet\;C:\Users\Administrator.WINDOWS-20F8E06\AppData\Roaming\npm\node_modules;D:\flutter\bin;C:\Program Files\Dart\dart-sdk\bin;C:\Users\Administrator.WINDOWS-20F8E06\AppData\Local\Android\Sdk\tools;C:\Users\Administrator.WINDOWS-20F8E06\AppData\Local\Android\Sdk\platform-tools;D:\Visual Studio Code\Microsoft VS Code\bin;C:\Users\Administrator.WINDOWS-20F8E06\AppData\Roaming\npm;C:\Users\Administrator.WINDOWS-20F8E06\.dotnet\tools;."/>
    <property name="java.vm.info" value="mixed mode"/>
    <property name="java.vendor" value="Oracle Corporation"/>
    <property name="java.vm.version" value="25.212-b10"/>
    <property name="java.ext.dirs" value="D:\jdk1.8.0_212\jre\lib\ext;C:\Windows\Sun\Java\lib\ext"/>
    <property name="sun.io.unicode.encoding" value="UnicodeLittle"/>
    <property name="java.class.version" value="52.0"/>
  </properties>
  <testcase name="testAnalysisUp" classname="com.thirdpart.YsMe7xF0.codec.CodecServiceImplTest" time="0.266"/>
  <testcase name="testSpliceDown" classname="com.thirdpart.YsMe7xF0.codec.CodecServiceImplTest" time="0"/>
</testsuite>